#-----------------------------------------------------------
# Vivado v2016.2 (64-bit)
# SW Build 1577090 on Thu Jun  2 16:32:40 MDT 2016
# IP Build 1577682 on Fri Jun  3 12:00:54 MDT 2016
# Start of session at: Tue Jan 16 15:04:39 2018
# Process ID: 11392
# Current directory: C:/Users/gelud/Desktop/IDEA
# Command line: vivado.exe -gui_launcher_event rodinguilauncherevent1316 C:\Users\gelud\Desktop\IDEA\IDEA.xpr
# Log file: C:/Users/gelud/Desktop/IDEA/vivado.log
# Journal file: C:/Users/gelud/Desktop/IDEA\vivado.jou
#-----------------------------------------------------------
start_gui
open_project C:/Users/gelud/Desktop/IDEA/IDEA.xpr
INFO: [Project 1-313] Project file moved from 'D:/Facultate/Anul3/CN2/IDEA/IDEA' since last save.
Scanning sources...
Finished scanning sources
CRITICAL WARNING: [Project 1-192] Failed to load run synth_1. Strategy Vivado Synthesis Defaults (Vivado Synthesis 2017) not recognized by Vivado. 

CRITICAL WARNING: [Project 1-192] Failed to load run impl_1. Strategy Vivado Implementation Defaults (Vivado Implementation 2017) not recognized by Vivado. 

CRITICAL WARNING: [Project 1-505] Unrecognized Option Name CompiledLibDirXcelium
WARNING: [filemgmt 56-3] IPUserFilesDir: Could not find the directory '$PIPUSERFILESDIR'.
CRITICAL WARNING: [Project 1-505] Unrecognized Option Name DSANumComputeUnits
CRITICAL WARNING: [Project 1-505] Unrecognized Option Name XSimRadix
CRITICAL WARNING: [Project 1-505] Unrecognized Option Name XSimTimeUnit
CRITICAL WARNING: [Project 1-505] Unrecognized Option Name XSimArrayDisplayLimit
CRITICAL WARNING: [Project 1-505] Unrecognized Option Name XSimTraceLimit
CRITICAL WARNING: [Project 1-505] Unrecognized Option Name SimTypes
WARNING: [Project 1-231] Project 'IDEA.xpr' was created with a future version and may or may not perform reliably with this version of Vivado. It has been opened in read-only mode for the protection of unrecognized data. Use 'File | Save Project As...' if you wish to alter a copy of the project.
INFO: [IP_Flow 19-234] Refreshing IP repositories
INFO: [IP_Flow 19-2313] Loaded Vivado IP repository 'C:/Xilinx/Vivado/2016.2/data/ip'.
update_compile_order -fileset sources_1
save_project_as project_ideea_Cn C:/Users/gelud/Desktop/project_ideea_Cn -force
launch_simulation
INFO: [USF-XSim-27] Simulation object is 'sim_1'
INFO: [USF-XSim-37] Inspecting design source files for 'test' in fileset 'sim_1'...
INFO: [USF-XSim-97] Finding global include files...
INFO: [USF-XSim-98] Fetching design files from 'sim_1'...
INFO: [USF-XSim-2] XSim::Compile design
INFO: [USF-XSim-61] Executing 'COMPILE and ANALYZE' step in 'C:/Users/gelud/Desktop/project_ideea_Cn/project_ideea_Cn.sim/sim_1/behav'
"xvlog -m64 --relax -prj test_vlog.prj"
INFO: [VRFC 10-2263] Analyzing Verilog file "C:/Users/gelud/Desktop/project_ideea_Cn/project_ideea_Cn.srcs/sources_1/new/KEYGEN.v" into library xil_defaultlib
INFO: [VRFC 10-311] analyzing module KEYGEN
INFO: [VRFC 10-2263] Analyzing Verilog file "C:/Users/gelud/Desktop/project_ideea_Cn/project_ideea_Cn.srcs/sources_1/new/pasFinal.v" into library xil_defaultlib
INFO: [VRFC 10-311] analyzing module pasFinal
INFO: [VRFC 10-2263] Analyzing Verilog file "C:/Users/gelud/Desktop/project_ideea_Cn/project_ideea_Cn.srcs/sources_1/new/pasulx.v" into library xil_defaultlib
INFO: [VRFC 10-311] analyzing module pasulx
INFO: [VRFC 10-2263] Analyzing Verilog file "C:/Users/gelud/Desktop/project_ideea_Cn/project_ideea_Cn.srcs/sources_1/new/topModule.v" into library xil_defaultlib
INFO: [VRFC 10-311] analyzing module topModule
INFO: [VRFC 10-2263] Analyzing Verilog file "C:/Users/gelud/Desktop/project_ideea_Cn/project_ideea_Cn.srcs/sim_1/new/test.v" into library xil_defaultlib
INFO: [VRFC 10-311] analyzing module test
INFO: [VRFC 10-2263] Analyzing Verilog file "C:/Users/gelud/Desktop/project_ideea_Cn/project_ideea_Cn.sim/sim_1/behav/glbl.v" into library xil_defaultlib
INFO: [VRFC 10-311] analyzing module glbl
INFO: [USF-XSim-69] 'compile' step finished in '1' seconds
INFO: [USF-XSim-3] XSim::Elaborate design
INFO: [USF-XSim-61] Executing 'ELABORATE' step in 'C:/Users/gelud/Desktop/project_ideea_Cn/project_ideea_Cn.sim/sim_1/behav'
Vivado Simulator 2016.2
Copyright 1986-1999, 2001-2016 Xilinx, Inc. All Rights Reserved.
Running: C:/Xilinx/Vivado/2016.2/bin/unwrapped/win64.o/xelab.exe -wto b65bc8735c4c4019b4277a0e0671c469 --debug typical --relax --mt 2 -L xil_defaultlib -L unisims_ver -L unimacro_ver -L secureip --snapshot test_behav xil_defaultlib.test xil_defaultlib.glbl -log elaborate.log 
Using 2 slave threads.
Starting static elaboration
Completed static elaboration
Starting simulation data flow analysis
Completed simulation data flow analysis
Time Resolution for simulation is 1ps
Compiling module xil_defaultlib.KEYGEN
Compiling module xil_defaultlib.pasulx
Compiling module xil_defaultlib.pasFinal
Compiling module xil_defaultlib.topModule
Compiling module xil_defaultlib.test
Compiling module xil_defaultlib.glbl
Built simulation snapshot test_behav

****** Webtalk v2016.2 (64-bit)
  **** SW Build 1577090 on Thu Jun  2 16:32:40 MDT 2016
  **** IP Build 1577682 on Fri Jun  3 12:00:54 MDT 2016
    ** Copyright 1986-2016 Xilinx, Inc. All Rights Reserved.

source C:/Users/gelud/Desktop/project_ideea_Cn/project_ideea_Cn.sim/sim_1/behav/xsim.dir/test_behav/webtalk/xsim_webtalk.tcl -notrace
INFO: [Common 17-206] Exiting Webtalk at Tue Jan 16 15:05:58 2018...
run_program: Time (s): cpu = 00:00:00 ; elapsed = 00:00:06 . Memory (MB): peak = 804.559 ; gain = 0.000
INFO: [USF-XSim-69] 'elaborate' step finished in '6' seconds
INFO: [USF-XSim-4] XSim::Simulate design
INFO: [USF-XSim-61] Executing 'SIMULATE' step in 'C:/Users/gelud/Desktop/project_ideea_Cn/project_ideea_Cn.sim/sim_1/behav'
INFO: [USF-XSim-98] *** Running xsim
   with args "test_behav -key {Behavioral:sim_1:Functional:test} -tclbatch {test.tcl} -log {simulate.log}"
INFO: [USF-XSim-8] Loading simulator feature
Vivado Simulator 2016.2
Time resolution is 1 ps
source test.tcl
# set curr_wave [current_wave_config]
# if { [string length $curr_wave] == 0 } {
#   if { [llength [get_objects]] > 0} {
#     add_wave /
#     set_property needs_save false [current_wave_config]
#   } else {
#      send_msg_id Add_Wave-1 WARNING "No top level signals found. Simulator will start without a wave window. If you want to open a wave window go to 'File->New Waveform Configuration' or type 'create_wave_config' in the TCL console."
#   }
# }
# run 1000ns
006400c8012c019001f4025802bc0320 
006400c8012c019001f4025802bc0320 
FINAL:
451f
 fed4
 ff38
 5148
 451fff38fed45148 
INFO: [USF-XSim-96] XSim completed. Design snapshot 'test_behav' loaded.
INFO: [USF-XSim-97] XSim simulation ran for 1000ns
launch_simulation: Time (s): cpu = 00:00:08 ; elapsed = 00:00:10 . Memory (MB): peak = 805.914 ; gain = 9.059
close_sim
INFO: [Simtcl 6-16] Simulation closed
close_sim: Time (s): cpu = 00:00:01 ; elapsed = 00:00:05 . Memory (MB): peak = 811.445 ; gain = 0.000
exit
INFO: [Common 17-206] Exiting Vivado at Tue Jan 16 15:16:15 2018...
