#-----------------------------------------------------------
# Vivado v2016.2 (64-bit)
# SW Build 1577090 on Thu Jun  2 16:32:40 MDT 2016
# IP Build 1577682 on Fri Jun  3 12:00:54 MDT 2016
# Start of session at: Mon Jan 15 15:13:12 2018
# Process ID: 10764
# Current directory: C:/Users/Florin/Desktop/CN2/tema3/project_1
# Command line: vivado.exe -gui_launcher_event rodinguilauncherevent10328 C:\Users\Florin\Desktop\CN2\tema3\project_1\project_1.xpr
# Log file: C:/Users/Florin/Desktop/CN2/tema3/project_1/vivado.log
# Journal file: C:/Users/Florin/Desktop/CN2/tema3/project_1\vivado.jou
#-----------------------------------------------------------
start_gui
open_project C:/Users/Florin/Desktop/CN2/tema3/project_1/project_1.xpr
Scanning sources...
Finished scanning sources
INFO: [IP_Flow 19-234] Refreshing IP repositories
INFO: [IP_Flow 19-1704] No user IP repositories specified
INFO: [IP_Flow 19-2313] Loaded Vivado IP repository 'C:/Xilinx/Vivado/2016.2/data/ip'.
open_project: Time (s): cpu = 00:00:16 ; elapsed = 00:00:12 . Memory (MB): peak = 749.469 ; gain = 102.816
update_compile_order -fileset sources_1
exit
INFO: [Common 17-206] Exiting Vivado at Mon Jan 15 15:13:50 2018...
